<?xml version="1.0" encoding="UTF-8"?>
<testsuite xmlns:xsi="http://www.w3.org/2001/XMLSchema-instance" xsi:noNamespaceSchemaLocation="https://maven.apache.org/surefire/maven-surefire-plugin/xsd/surefire-test-report-3.0.xsd" version="3.0" name="Login Functionality" time="16.375" tests="2" errors="0" skipped="0" failures="0">
  <properties>
    <property name="java.specification.version" value="15"/>
    <property name="webdriver.chrome.driver" value="C:\Users\Gawish\.cache\selenium\chromedriver\win32\91.0.4472.101\chromedriver.exe"/>
    <property name="sun.cpu.isalist" value="amd64"/>
    <property name="sun.jnu.encoding" value="Cp1252"/>
    <property name="java.class.path" value="C:\Users\Gawish\eclipse-workspace\practise-cucumber\target\test-classes;C:\Users\Gawish\eclipse-workspace\practise-cucumber\target\classes;C:\Users\Gawish\.m2\repository\io\cucumber\cucumber-java\5.0.0-RC2\cucumber-java-5.0.0-RC2.jar;C:\Users\Gawish\.m2\repository\io\cucumber\cucumber-core\5.0.0-RC2\cucumber-core-5.0.0-RC2.jar;C:\Users\Gawish\.m2\repository\io\cucumber\gherkin\5.2.0\gherkin-5.2.0.jar;C:\Users\Gawish\.m2\repository\io\cucumber\gherkin-jvm-deps\1.0.6\gherkin-jvm-deps-1.0.6.jar;C:\Users\Gawish\.m2\repository\io\cucumber\tag-expressions\2.0.2\tag-expressions-2.0.2.jar;C:\Users\Gawish\.m2\repository\io\cucumber\cucumber-expressions\8.0.0\cucumber-expressions-8.0.0.jar;C:\Users\Gawish\.m2\repository\org\hamcrest\hamcrest-library\2.1\hamcrest-library-2.1.jar;C:\Users\Gawish\.m2\repository\io\cucumber\datatable\3.0.0\datatable-3.0.0.jar;C:\Users\Gawish\.m2\repository\io\cucumber\datatable-dependencies\3.0.0\datatable-dependencies-3.0.0.jar;C:\Users\Gawish\.m2\repository\io\cucumber\cucumber-plugin\5.0.0-RC2\cucumber-plugin-5.0.0-RC2.jar;C:\Users\Gawish\.m2\repository\io\cucumber\docstring\5.0.0-RC2\docstring-5.0.0-RC2.jar;C:\Users\Gawish\.m2\repository\org\apiguardian\apiguardian-api\1.1.0\apiguardian-api-1.1.0.jar;C:\Users\Gawish\.m2\repository\io\cucumber\cucumber-junit\5.0.0-RC2\cucumber-junit-5.0.0-RC2.jar;C:\Users\Gawish\.m2\repository\junit\junit\4.12\junit-4.12.jar;C:\Users\Gawish\.m2\repository\org\hamcrest\hamcrest-core\1.3\hamcrest-core-1.3.jar;C:\Users\Gawish\.m2\repository\org\seleniumhq\selenium\selenium-java\3.141.59\selenium-java-3.141.59.jar;C:\Users\Gawish\.m2\repository\org\seleniumhq\selenium\selenium-api\3.141.59\selenium-api-3.141.59.jar;C:\Users\Gawish\.m2\repository\org\seleniumhq\selenium\selenium-chrome-driver\3.141.59\selenium-chrome-driver-3.141.59.jar;C:\Users\Gawish\.m2\repository\org\seleniumhq\selenium\selenium-edge-driver\3.141.59\selenium-edge-driver-3.141.59.jar;C:\Users\Gawish\.m2\repository\org\seleniumhq\selenium\selenium-firefox-driver\3.141.59\selenium-firefox-driver-3.141.59.jar;C:\Users\Gawish\.m2\repository\org\seleniumhq\selenium\selenium-ie-driver\3.141.59\selenium-ie-driver-3.141.59.jar;C:\Users\Gawish\.m2\repository\org\seleniumhq\selenium\selenium-opera-driver\3.141.59\selenium-opera-driver-3.141.59.jar;C:\Users\Gawish\.m2\repository\org\seleniumhq\selenium\selenium-remote-driver\3.141.59\selenium-remote-driver-3.141.59.jar;C:\Users\Gawish\.m2\repository\org\seleniumhq\selenium\selenium-safari-driver\3.141.59\selenium-safari-driver-3.141.59.jar;C:\Users\Gawish\.m2\repository\org\seleniumhq\selenium\selenium-support\3.141.59\selenium-support-3.141.59.jar;C:\Users\Gawish\.m2\repository\net\bytebuddy\byte-buddy\1.8.15\byte-buddy-1.8.15.jar;C:\Users\Gawish\.m2\repository\org\apache\commons\commons-exec\1.3\commons-exec-1.3.jar;C:\Users\Gawish\.m2\repository\com\google\guava\guava\25.0-jre\guava-25.0-jre.jar;C:\Users\Gawish\.m2\repository\com\google\code\findbugs\jsr305\1.3.9\jsr305-1.3.9.jar;C:\Users\Gawish\.m2\repository\org\checkerframework\checker-compat-qual\2.0.0\checker-compat-qual-2.0.0.jar;C:\Users\Gawish\.m2\repository\com\google\errorprone\error_prone_annotations\2.1.3\error_prone_annotations-2.1.3.jar;C:\Users\Gawish\.m2\repository\com\google\j2objc\j2objc-annotations\1.1\j2objc-annotations-1.1.jar;C:\Users\Gawish\.m2\repository\org\codehaus\mojo\animal-sniffer-annotations\1.14\animal-sniffer-annotations-1.14.jar;C:\Users\Gawish\.m2\repository\com\squareup\okhttp3\okhttp\3.11.0\okhttp-3.11.0.jar;C:\Users\Gawish\.m2\repository\com\squareup\okio\okio\1.14.0\okio-1.14.0.jar;C:\Users\Gawish\.m2\repository\io\cucumber\cucumber-picocontainer\5.0.0-RC2\cucumber-picocontainer-5.0.0-RC2.jar;C:\Users\Gawish\.m2\repository\org\picocontainer\picocontainer\2.15\picocontainer-2.15.jar;C:\Users\Gawish\.m2\repository\io\github\bonigarcia\webdrivermanager\4.4.3\webdrivermanager-4.4.3.jar;C:\Users\Gawish\.m2\repository\org\slf4j\slf4j-api\1.7.30\slf4j-api-1.7.30.jar;C:\Users\Gawish\.m2\repository\commons-io\commons-io\2.8.0\commons-io-2.8.0.jar;C:\Users\Gawish\.m2\repository\com\google\code\gson\gson\2.8.6\gson-2.8.6.jar;C:\Users\Gawish\.m2\repository\org\apache\commons\commons-lang3\3.12.0\commons-lang3-3.12.0.jar;C:\Users\Gawish\.m2\repository\org\apache\httpcomponents\client5\httpclient5\5.0.3\httpclient5-5.0.3.jar;C:\Users\Gawish\.m2\repository\org\apache\httpcomponents\core5\httpcore5\5.0.2\httpcore5-5.0.2.jar;C:\Users\Gawish\.m2\repository\org\apache\httpcomponents\core5\httpcore5-h2\5.0.2\httpcore5-h2-5.0.2.jar;C:\Users\Gawish\.m2\repository\commons-codec\commons-codec\1.13\commons-codec-1.13.jar;C:\Users\Gawish\.m2\repository\org\rauschig\jarchivelib\1.1.0\jarchivelib-1.1.0.jar;C:\Users\Gawish\.m2\repository\org\apache\commons\commons-compress\1.20\commons-compress-1.20.jar;C:\Users\Gawish\.m2\repository\org\jsoup\jsoup\1.13.1\jsoup-1.13.1.jar;C:\Users\Gawish\.m2\repository\org\apache\maven\plugins\maven-surefire-plugin\3.0.0-M5\maven-surefire-plugin-3.0.0-M5.jar;C:\Users\Gawish\.m2\repository\org\apache\maven\surefire\maven-surefire-common\3.0.0-M5\maven-surefire-common-3.0.0-M5.jar;C:\Users\Gawish\.m2\repository\org\apache\maven\surefire\surefire-api\3.0.0-M5\surefire-api-3.0.0-M5.jar;C:\Users\Gawish\.m2\repository\org\apache\maven\surefire\surefire-logger-api\3.0.0-M5\surefire-logger-api-3.0.0-M5.jar;C:\Users\Gawish\.m2\repository\org\apache\maven\surefire\surefire-extensions-api\3.0.0-M5\surefire-extensions-api-3.0.0-M5.jar;C:\Users\Gawish\.m2\repository\org\apache\maven\surefire\surefire-booter\3.0.0-M5\surefire-booter-3.0.0-M5.jar;C:\Users\Gawish\.m2\repository\org\apache\maven\surefire\surefire-extensions-spi\3.0.0-M5\surefire-extensions-spi-3.0.0-M5.jar;C:\Users\Gawish\.m2\repository\org\apache\maven\maven-toolchain\3.0-alpha-2\maven-toolchain-3.0-alpha-2.jar;C:\Users\Gawish\.m2\repository\org\apache\maven\shared\maven-artifact-transfer\0.11.0\maven-artifact-transfer-0.11.0.jar;C:\Users\Gawish\.m2\repository\org\apache\maven\shared\maven-common-artifact-filters\3.0.1\maven-common-artifact-filters-3.0.1.jar;C:\Users\Gawish\.m2\repository\org\apache\maven\maven-model\3.0\maven-model-3.0.jar;C:\Users\Gawish\.m2\repository\org\apache\maven\maven-plugin-api\3.0\maven-plugin-api-3.0.jar;C:\Users\Gawish\.m2\repository\org\sonatype\sisu\sisu-inject-plexus\1.4.2\sisu-inject-plexus-1.4.2.jar;C:\Users\Gawish\.m2\repository\org\codehaus\plexus\plexus-classworlds\2.2.3\plexus-classworlds-2.2.3.jar;C:\Users\Gawish\.m2\repository\org\sonatype\sisu\sisu-inject-bean\1.4.2\sisu-inject-bean-1.4.2.jar;C:\Users\Gawish\.m2\repository\org\sonatype\sisu\sisu-guice\2.1.7\sisu-guice-2.1.7-noaop.jar;C:\Users\Gawish\.m2\repository\org\apache\maven\shared\maven-shared-utils\3.1.0\maven-shared-utils-3.1.0.jar;C:\Users\Gawish\.m2\repository\org\codehaus\plexus\plexus-java\1.0.5\plexus-java-1.0.5.jar;C:\Users\Gawish\.m2\repository\org\ow2\asm\asm\7.2\asm-7.2.jar;C:\Users\Gawish\.m2\repository\com\thoughtworks\qdox\qdox\2.0-M9\qdox-2.0-M9.jar;C:\Users\Gawish\.m2\repository\org\apache\maven\surefire\surefire-shared-utils\3.0.0-M4\surefire-shared-utils-3.0.0-M4.jar;"/>
    <property name="java.vm.vendor" value="Oracle Corporation"/>
    <property name="sun.arch.data.model" value="64"/>
    <property name="user.variant" value=""/>
    <property name="java.vendor.url" value="https://java.oracle.com/"/>
    <property name="user.timezone" value="Africa/Cairo"/>
    <property name="os.name" value="Windows 10"/>
    <property name="java.vm.specification.version" value="15"/>
    <property name="sun.java.launcher" value="SUN_STANDARD"/>
    <property name="user.country" value="US"/>
    <property name="sun.boot.library.path" value="C:\Program Files\Java\jdk-15.0.2\bin"/>
    <property name="sun.java.command" value="C:\Users\Gawish\AppData\Local\Temp\surefire12488897819545010491\surefirebooter4536529594043168522.jar C:\Users\Gawish\AppData\Local\Temp\surefire12488897819545010491 2021-06-23T16-24-26_439-jvmRun1 surefire10102583669934998898tmp surefire_016002616789618709933tmp"/>
    <property name="jdk.debug" value="release"/>
    <property name="surefire.test.class.path" value="C:\Users\Gawish\eclipse-workspace\practise-cucumber\target\test-classes;C:\Users\Gawish\eclipse-workspace\practise-cucumber\target\classes;C:\Users\Gawish\.m2\repository\io\cucumber\cucumber-java\5.0.0-RC2\cucumber-java-5.0.0-RC2.jar;C:\Users\Gawish\.m2\repository\io\cucumber\cucumber-core\5.0.0-RC2\cucumber-core-5.0.0-RC2.jar;C:\Users\Gawish\.m2\repository\io\cucumber\gherkin\5.2.0\gherkin-5.2.0.jar;C:\Users\Gawish\.m2\repository\io\cucumber\gherkin-jvm-deps\1.0.6\gherkin-jvm-deps-1.0.6.jar;C:\Users\Gawish\.m2\repository\io\cucumber\tag-expressions\2.0.2\tag-expressions-2.0.2.jar;C:\Users\Gawish\.m2\repository\io\cucumber\cucumber-expressions\8.0.0\cucumber-expressions-8.0.0.jar;C:\Users\Gawish\.m2\repository\org\hamcrest\hamcrest-library\2.1\hamcrest-library-2.1.jar;C:\Users\Gawish\.m2\repository\io\cucumber\datatable\3.0.0\datatable-3.0.0.jar;C:\Users\Gawish\.m2\repository\io\cucumber\datatable-dependencies\3.0.0\datatable-dependencies-3.0.0.jar;C:\Users\Gawish\.m2\repository\io\cucumber\cucumber-plugin\5.0.0-RC2\cucumber-plugin-5.0.0-RC2.jar;C:\Users\Gawish\.m2\repository\io\cucumber\docstring\5.0.0-RC2\docstring-5.0.0-RC2.jar;C:\Users\Gawish\.m2\repository\org\apiguardian\apiguardian-api\1.1.0\apiguardian-api-1.1.0.jar;C:\Users\Gawish\.m2\repository\io\cucumber\cucumber-junit\5.0.0-RC2\cucumber-junit-5.0.0-RC2.jar;C:\Users\Gawish\.m2\repository\junit\junit\4.12\junit-4.12.jar;C:\Users\Gawish\.m2\repository\org\hamcrest\hamcrest-core\1.3\hamcrest-core-1.3.jar;C:\Users\Gawish\.m2\repository\org\seleniumhq\selenium\selenium-java\3.141.59\selenium-java-3.141.59.jar;C:\Users\Gawish\.m2\repository\org\seleniumhq\selenium\selenium-api\3.141.59\selenium-api-3.141.59.jar;C:\Users\Gawish\.m2\repository\org\seleniumhq\selenium\selenium-chrome-driver\3.141.59\selenium-chrome-driver-3.141.59.jar;C:\Users\Gawish\.m2\repository\org\seleniumhq\selenium\selenium-edge-driver\3.141.59\selenium-edge-driver-3.141.59.jar;C:\Users\Gawish\.m2\repository\org\seleniumhq\selenium\selenium-firefox-driver\3.141.59\selenium-firefox-driver-3.141.59.jar;C:\Users\Gawish\.m2\repository\org\seleniumhq\selenium\selenium-ie-driver\3.141.59\selenium-ie-driver-3.141.59.jar;C:\Users\Gawish\.m2\repository\org\seleniumhq\selenium\selenium-opera-driver\3.141.59\selenium-opera-driver-3.141.59.jar;C:\Users\Gawish\.m2\repository\org\seleniumhq\selenium\selenium-remote-driver\3.141.59\selenium-remote-driver-3.141.59.jar;C:\Users\Gawish\.m2\repository\org\seleniumhq\selenium\selenium-safari-driver\3.141.59\selenium-safari-driver-3.141.59.jar;C:\Users\Gawish\.m2\repository\org\seleniumhq\selenium\selenium-support\3.141.59\selenium-support-3.141.59.jar;C:\Users\Gawish\.m2\repository\net\bytebuddy\byte-buddy\1.8.15\byte-buddy-1.8.15.jar;C:\Users\Gawish\.m2\repository\org\apache\commons\commons-exec\1.3\commons-exec-1.3.jar;C:\Users\Gawish\.m2\repository\com\google\guava\guava\25.0-jre\guava-25.0-jre.jar;C:\Users\Gawish\.m2\repository\com\google\code\findbugs\jsr305\1.3.9\jsr305-1.3.9.jar;C:\Users\Gawish\.m2\repository\org\checkerframework\checker-compat-qual\2.0.0\checker-compat-qual-2.0.0.jar;C:\Users\Gawish\.m2\repository\com\google\errorprone\error_prone_annotations\2.1.3\error_prone_annotations-2.1.3.jar;C:\Users\Gawish\.m2\repository\com\google\j2objc\j2objc-annotations\1.1\j2objc-annotations-1.1.jar;C:\Users\Gawish\.m2\repository\org\codehaus\mojo\animal-sniffer-annotations\1.14\animal-sniffer-annotations-1.14.jar;C:\Users\Gawish\.m2\repository\com\squareup\okhttp3\okhttp\3.11.0\okhttp-3.11.0.jar;C:\Users\Gawish\.m2\repository\com\squareup\okio\okio\1.14.0\okio-1.14.0.jar;C:\Users\Gawish\.m2\repository\io\cucumber\cucumber-picocontainer\5.0.0-RC2\cucumber-picocontainer-5.0.0-RC2.jar;C:\Users\Gawish\.m2\repository\org\picocontainer\picocontainer\2.15\picocontainer-2.15.jar;C:\Users\Gawish\.m2\repository\io\github\bonigarcia\webdrivermanager\4.4.3\webdrivermanager-4.4.3.jar;C:\Users\Gawish\.m2\repository\org\slf4j\slf4j-api\1.7.30\slf4j-api-1.7.30.jar;C:\Users\Gawish\.m2\repository\commons-io\commons-io\2.8.0\commons-io-2.8.0.jar;C:\Users\Gawish\.m2\repository\com\google\code\gson\gson\2.8.6\gson-2.8.6.jar;C:\Users\Gawish\.m2\repository\org\apache\commons\commons-lang3\3.12.0\commons-lang3-3.12.0.jar;C:\Users\Gawish\.m2\repository\org\apache\httpcomponents\client5\httpclient5\5.0.3\httpclient5-5.0.3.jar;C:\Users\Gawish\.m2\repository\org\apache\httpcomponents\core5\httpcore5\5.0.2\httpcore5-5.0.2.jar;C:\Users\Gawish\.m2\repository\org\apache\httpcomponents\core5\httpcore5-h2\5.0.2\httpcore5-h2-5.0.2.jar;C:\Users\Gawish\.m2\repository\commons-codec\commons-codec\1.13\commons-codec-1.13.jar;C:\Users\Gawish\.m2\repository\org\rauschig\jarchivelib\1.1.0\jarchivelib-1.1.0.jar;C:\Users\Gawish\.m2\repository\org\apache\commons\commons-compress\1.20\commons-compress-1.20.jar;C:\Users\Gawish\.m2\repository\org\jsoup\jsoup\1.13.1\jsoup-1.13.1.jar;C:\Users\Gawish\.m2\repository\org\apache\maven\plugins\maven-surefire-plugin\3.0.0-M5\maven-surefire-plugin-3.0.0-M5.jar;C:\Users\Gawish\.m2\repository\org\apache\maven\surefire\maven-surefire-common\3.0.0-M5\maven-surefire-common-3.0.0-M5.jar;C:\Users\Gawish\.m2\repository\org\apache\maven\surefire\surefire-api\3.0.0-M5\surefire-api-3.0.0-M5.jar;C:\Users\Gawish\.m2\repository\org\apache\maven\surefire\surefire-logger-api\3.0.0-M5\surefire-logger-api-3.0.0-M5.jar;C:\Users\Gawish\.m2\repository\org\apache\maven\surefire\surefire-extensions-api\3.0.0-M5\surefire-extensions-api-3.0.0-M5.jar;C:\Users\Gawish\.m2\repository\org\apache\maven\surefire\surefire-booter\3.0.0-M5\surefire-booter-3.0.0-M5.jar;C:\Users\Gawish\.m2\repository\org\apache\maven\surefire\surefire-extensions-spi\3.0.0-M5\surefire-extensions-spi-3.0.0-M5.jar;C:\Users\Gawish\.m2\repository\org\apache\maven\maven-toolchain\3.0-alpha-2\maven-toolchain-3.0-alpha-2.jar;C:\Users\Gawish\.m2\repository\org\apache\maven\shared\maven-artifact-transfer\0.11.0\maven-artifact-transfer-0.11.0.jar;C:\Users\Gawish\.m2\repository\org\apache\maven\shared\maven-common-artifact-filters\3.0.1\maven-common-artifact-filters-3.0.1.jar;C:\Users\Gawish\.m2\repository\org\apache\maven\maven-model\3.0\maven-model-3.0.jar;C:\Users\Gawish\.m2\repository\org\apache\maven\maven-plugin-api\3.0\maven-plugin-api-3.0.jar;C:\Users\Gawish\.m2\repository\org\sonatype\sisu\sisu-inject-plexus\1.4.2\sisu-inject-plexus-1.4.2.jar;C:\Users\Gawish\.m2\repository\org\codehaus\plexus\plexus-classworlds\2.2.3\plexus-classworlds-2.2.3.jar;C:\Users\Gawish\.m2\repository\org\sonatype\sisu\sisu-inject-bean\1.4.2\sisu-inject-bean-1.4.2.jar;C:\Users\Gawish\.m2\repository\org\sonatype\sisu\sisu-guice\2.1.7\sisu-guice-2.1.7-noaop.jar;C:\Users\Gawish\.m2\repository\org\apache\maven\shared\maven-shared-utils\3.1.0\maven-shared-utils-3.1.0.jar;C:\Users\Gawish\.m2\repository\org\codehaus\plexus\plexus-java\1.0.5\plexus-java-1.0.5.jar;C:\Users\Gawish\.m2\repository\org\ow2\asm\asm\7.2\asm-7.2.jar;C:\Users\Gawish\.m2\repository\com\thoughtworks\qdox\qdox\2.0-M9\qdox-2.0-M9.jar;C:\Users\Gawish\.m2\repository\org\apache\maven\surefire\surefire-shared-utils\3.0.0-M4\surefire-shared-utils-3.0.0-M4.jar;"/>
    <property name="sun.cpu.endian" value="little"/>
    <property name="user.home" value="C:\Users\Gawish"/>
    <property name="user.language" value="en"/>
    <property name="java.specification.vendor" value="Oracle Corporation"/>
    <property name="java.version.date" value="2021-01-19"/>
    <property name="java.home" value="C:\Program Files\Java\jdk-15.0.2"/>
    <property name="file.separator" value="\"/>
    <property name="basedir" value="C:\Users\Gawish\eclipse-workspace\practise-cucumber"/>
    <property name="java.vm.compressedOopsMode" value="32-bit"/>
    <property name="line.separator" value="&#10;"/>
    <property name="java.vm.specification.vendor" value="Oracle Corporation"/>
    <property name="java.specification.name" value="Java Platform API Specification"/>
    <property name="surefire.real.class.path" value="C:\Users\Gawish\AppData\Local\Temp\surefire12488897819545010491\surefirebooter4536529594043168522.jar"/>
    <property name="user.script" value=""/>
    <property name="sun.management.compiler" value="HotSpot 64-Bit Tiered Compilers"/>
    <property name="java.runtime.version" value="15.0.2+7-27"/>
    <property name="user.name" value="Gawish"/>
    <property name="path.separator" value=";"/>
    <property name="os.version" value="10.0"/>
    <property name="java.runtime.name" value="Java(TM) SE Runtime Environment"/>
    <property name="file.encoding" value="Cp1252"/>
    <property name="java.vm.name" value="Java HotSpot(TM) 64-Bit Server VM"/>
    <property name="localRepository" value="C:\Users\Gawish\.m2\repository"/>
    <property name="java.vendor.url.bug" value="https://bugreport.java.com/bugreport/"/>
    <property name="java.io.tmpdir" value="C:\Users\Gawish\AppData\Local\Temp\"/>
    <property name="java.version" value="15.0.2"/>
    <property name="user.dir" value="C:\Users\Gawish\eclipse-workspace\practise-cucumber"/>
    <property name="os.arch" value="amd64"/>
    <property name="java.vm.specification.name" value="Java Virtual Machine Specification"/>
    <property name="sun.os.patch.level" value=""/>
    <property name="java.library.path" value="C:\Program Files\Java\jdk-15.0.2\bin;C:\Windows\Sun\Java\bin;C:\Windows\system32;C:\Windows;C:\Windows\system32;C:\Windows;C:\Windows\System32\Wbem;C:\Windows\System32\WindowsPowerShell\v1.0\;C:\Windows\System32\OpenSSH\;C:\Users\Gawish\Downloads\apache-maven-3.8.1\bin;C:\Program Files\Git\cmd;C:\Users\Gawish\IdeaProjects\allure-2.13.8\allure-2.13.8\bin;C:\Users\Gawish\IdeaProjects\gradle-7.0\bin;C:\Program Files\nodejs\;C:\ProgramData\chocolatey\bin;C:\Users\Gawish\AppData\Local\Android\Sdk\platform-tools;C:\Program Files\nodejs\node_modules\npm\bin;C:\Users\Gawish\IdeaProjects\grep-2.5.4-bin\bin;C:\Users\Gawish\AppData\Local\Android\Sdk\tools\bin;C:\Program Files\Docker\Docker\resources\bin;C:\ProgramData\DockerDesktop\version-bin;C:\Program Files\Java\jdk-15.0.2\bin;C:\Users\Gawish\AppData\Local\Microsoft\WindowsApps;C:\Users\Gawish\AppData\Roaming\npm;C:\Users\Gawish\AppData\Local\Programs\Microsoft VS Code\bin;."/>
    <property name="java.vm.info" value="mixed mode, sharing"/>
    <property name="java.vendor" value="Oracle Corporation"/>
    <property name="java.vm.version" value="15.0.2+7-27"/>
    <property name="sun.io.unicode.encoding" value="UnicodeLittle"/>
    <property name="java.class.version" value="59.0"/>
  </properties>
  <testcase name="Login succeful" classname="Login Functionality" time="16.302">
    <system-out><![CDATA[Feature: Login Functionality

 			In order to do Internet banking
 			As a para bank customer 
 			I want to Login successfully 



  Scenario Outline: Login succeful &amp#27;[90m# src/test/resources/Login.feature:7&amp#27;[0m

    &amp#27;[36mGiven i am in the login page of the para bank Application&amp#27;[0m

    &amp#27;[36mWhen I enter a valid <username> and <password> with <userFullName>&amp#27;[0m

    &amp#27;[36mThen I should be taken to the Overview page&amp#27;[0m



    Examples: 



  Scenario Outline: Login succeful                                   &amp#27;[90m# src/test/resources/Login.feature:15&amp#27;[0m

    &amp#27;[32mGiven &amp#27;[0m&amp#27;[32mi am in the login page of the para bank Application&amp#27;[0m        &amp#27;[90m# com.practise.steps.Steps.i_am_in_the_login_page_of_the_para_bank_Application() in file:/C:/Users/Gawish/eclipse-workspace/practise-cucumber/target/test-classes/&amp#27;[0m

    &amp#27;[32mWhen &amp#27;[0m&amp#27;[32mI enter a valid &amp#27;[0m&amp#27;[32m&amp#27;[1m"mahmoudtest"&amp#27;[0m&amp#27;[32m and &amp#27;[0m&amp#27;[32m&amp#27;[1m"123123"&amp#27;[0m&amp#27;[32m with &amp#27;[0m&amp#27;[32m&amp#27;[1m"test yyyy"&amp#27;[0m &amp#27;[90m# com.practise.steps.Steps.i_enter_a_valid_cridential(String,String,String) in file:/C:/Users/Gawish/eclipse-workspace/practise-cucumber/target/test-classes/&amp#27;[0m

    &amp#27;[32mThen &amp#27;[0m&amp#27;[32mI should be taken to the Overview page&amp#27;[0m                      &amp#27;[90m# com.practise.steps.Steps.i_should_be_taken_to_the_Overview_page() in file:/C:/Users/Gawish/eclipse-workspace/practise-cucumber/target/test-classes/&amp#27;[0m



Feature: Login Functionality

 			In order to do Internet banking
 			As a para bank customer 
 			I want to Login successfully 



  Scenario Outline: Login succeful &amp#27;[90m# src/test/resources/Login2.feature:7&amp#27;[0m

    &amp#27;[36mGiven i am in the login page of the para bank Application&amp#27;[0m

    &amp#27;[36mWhen I enter a valid <username> and <password> with <userFullName>&amp#27;[0m

    &amp#27;[36mThen I should be taken to the Overview page&amp#27;[0m



    Examples: 



  Scenario Outline: Login succeful                                   &amp#27;[90m# src/test/resources/Login2.feature:15&amp#27;[0m

    &amp#27;[32mGiven &amp#27;[0m&amp#27;[32mi am in the login page of the para bank Application&amp#27;[0m        &amp#27;[90m# com.practise.steps.Steps.i_am_in_the_login_page_of_the_para_bank_Application() in file:/C:/Users/Gawish/eclipse-workspace/practise-cucumber/target/test-classes/&amp#27;[0m

    &amp#27;[32mWhen &amp#27;[0m&amp#27;[32mI enter a valid &amp#27;[0m&amp#27;[32m&amp#27;[1m"mahmoudtest"&amp#27;[0m&amp#27;[32m and &amp#27;[0m&amp#27;[32m&amp#27;[1m"123123"&amp#27;[0m&amp#27;[32m with &amp#27;[0m&amp#27;[32m&amp#27;[1m"test yyyy"&amp#27;[0m &amp#27;[90m# com.practise.steps.Steps.i_enter_a_valid_cridential(String,String,String) in file:/C:/Users/Gawish/eclipse-workspace/practise-cucumber/target/test-classes/&amp#27;[0m

    &amp#27;[32mThen &amp#27;[0m&amp#27;[32mI should be taken to the Overview page&amp#27;[0m                      &amp#27;[90m# com.practise.steps.Steps.i_should_be_taken_to_the_Overview_page() in file:/C:/Users/Gawish/eclipse-workspace/practise-cucumber/target/test-classes/&amp#27;[0m


2
 Scenarios (
&amp#27;[32m2 passed&amp#27;[0m
)
6
 Steps (
&amp#27;[32m6 passed&amp#27;[0m
)
0m
16.380s


test yyyy
]]></system-out>
    <system-err><![CDATA[SLF4J: Failed to load class "org.slf4j.impl.StaticLoggerBinder".
SLF4J: Defaulting to no-operation (NOP) logger implementation
SLF4J: See http://www.slf4j.org/codes.html#StaticLoggerBinder for further details.
Starting ChromeDriver 91.0.4472.101 (af52a90bf87030dd1523486a1cd3ae25c5d76c9b-refs/branch-heads/4472@{#1462}) on port 36235
Only local connections are allowed.
Please see https://chromedriver.chromium.org/security-considerations for suggestions on keeping ChromeDriver safe.
ChromeDriver was started successfully.
Jun 23, 2021 4:24:34 PM org.openqa.selenium.remote.ProtocolHandshake createSession
INFO: Detected dialect: W3C
]]></system-err>
  </testcase>
  <testcase name="Login succeful" classname="Login Functionality" time="16.375">
    <system-out><![CDATA[test yyyy
]]></system-out>
    <system-err><![CDATA[Starting ChromeDriver 91.0.4472.101 (af52a90bf87030dd1523486a1cd3ae25c5d76c9b-refs/branch-heads/4472@{#1462}) on port 7878
Only local connections are allowed.
Please see https://chromedriver.chromium.org/security-considerations for suggestions on keeping ChromeDriver safe.
ChromeDriver was started successfully.
Jun 23, 2021 4:24:34 PM org.openqa.selenium.remote.ProtocolHandshake createSession
INFO: Detected dialect: W3C
]]></system-err>
  </testcase>
</testsuite>